bs
==========
[CORE0 FSH] PASS
All cores finished! Terminating...
$finish called from file "/home/maximaka/EE477/pinalfroject/black-parrot/bp_top/test/common/bp_nonsynth_host.v", line 138.
$finish at simulation time             14110000
           V C S   S i m u l a t i o n   R e p o r t 
Time: 14110000 ps
CPU Time:      7.690 seconds;       Data structure size:  40.4Mb
Sat Mar 21 12:57:55 2020

fibcall
==========
[CORE0 FSH] PASS
All cores finished! Terminating...
$finish called from file "/home/maximaka/EE477/pinalfroject/black-parrot/bp_top/test/common/bp_nonsynth_host.v", line 138.
$finish at simulation time             30790000
           V C S   S i m u l a t i o n   R e p o r t 
Time: 30790000 ps
CPU Time:     15.460 seconds;       Data structure size:  40.4Mb
Sat Mar 21 12:58:12 2020

median
==========
[CORE0 FSH] PASS
All cores finished! Terminating...
$finish called from file "/home/maximaka/EE477/pinalfroject/black-parrot/bp_top/test/common/bp_nonsynth_host.v", line 138.
$finish at simulation time            269940000
           V C S   S i m u l a t i o n   R e p o r t 
Time: 269940000 ps
CPU Time:    145.380 seconds;       Data structure size:  40.4Mb
Sat Mar 21 13:00:53 2020

rv64ui-p-blt
==========
[CORE0 FSH] PASS
All cores finished! Terminating...
$finish called from file "/home/maximaka/EE477/pinalfroject/black-parrot/bp_top/test/common/bp_nonsynth_host.v", line 138.
$finish at simulation time             10510000
           V C S   S i m u l a t i o n   R e p o r t 
Time: 10510000 ps
CPU Time:      5.520 seconds;       Data structure size:  40.4Mb
Sat Mar 21 13:01:00 2020

towers
==========
[CORE0 FSH] PASS
All cores finished! Terminating...
$finish called from file "/home/maximaka/EE477/pinalfroject/black-parrot/bp_top/test/common/bp_nonsynth_host.v", line 138.
$finish at simulation time            189410000
           V C S   S i m u l a t i o n   R e p o r t 
Time: 189410000 ps
CPU Time:    101.350 seconds;       Data structure size:  40.4Mb
Sat Mar 21 13:02:52 2020

vvadd
==========
[CORE0 FSH] PASS
All cores finished! Terminating...
$finish called from file "/home/maximaka/EE477/pinalfroject/black-parrot/bp_top/test/common/bp_nonsynth_host.v", line 138.
$finish at simulation time            109030000
           V C S   S i m u l a t i o n   R e p o r t 
Time: 109030000 ps
CPU Time:     57.570 seconds;       Data structure size:  40.4Mb
Sat Mar 21 13:03:52 2020

