****************************************
Report : noise
	-verbose
	-nosplit
	-high
	-below
Design : bp_softcore
Version: K-2015.12-SP3-2
Date   : Tue Mar 10 22:07:23 2020
****************************************

 analysis mode: report_at_source
 slack type: height

 noise_region: below_high
 pin name (net name)       width    height     slack
 -----------------------------------------------------
 core/fe/mem/icache/data_mems_7__data_mem/macro_mem/CE1 (core/fe/mem/icache/clk_i_G1B4I5)
 Aggressors:
 core/fe/mem/icache/data_mems_2__data_mem/n427
 core/fe/mem/icache/data_mems_2__data_mem/n67
 core/fe/mem/icache/data_mems_3__data_mem/n446
 Propagated:
 core/fe/mem/icache/CTSINVX4_G1B1I5/ZN        -        -
 Total:                    0.500     0.125     0.175


1
