****************************************
Report : timing
	-path_type full_clock
	-delay_type min
	-slack_lesser_than 1000000.000
	-max_paths 30
	-group FEEDTHROUGH
	-transition_time
	-sort_by slack
Design : bp_softcore
Version: K-2015.12-SP3-2
Date   : Tue Mar 10 21:56:58 2020
****************************************

Report timing status: Started...
Report timing status: Processing group FEEDTHROUGH
Report timing status: Processing group FEEDTHROUGH (total endpoints 4)...10% done.
Report timing status: Processing group FEEDTHROUGH (total endpoints 4)...20% done.
Report timing status: Processing group FEEDTHROUGH (total endpoints 4)...30% done.

  Startpoint: mem_resp_i[54]
               (input port clocked by core_clk)
  Endpoint: mem_resp_yumi_o
               (output port clocked by core_clk)
  Path Group: FEEDTHROUGH
  Path Type: min
  Min Data Paths Derating Factor  : 0.990
  Min Clock Paths Derating Factor : 0.990
  Max Clock Paths Derating Factor : 1.010

  Point                                          Trans       Incr       Path
  -----------------------------------------------------------------------------
  clock core_clk (rise edge)                     0.000      0.000      0.000
  clock network delay (ideal)                               0.000      0.000
  input external delay                                      0.100      0.100 f
  mem_resp_i[54] (in)                            0.000      0.000 &    0.100 f
  U3127/Q (OA221X1)                              0.036      0.085 &    0.185 f
  mem_resp_yumi_o (out)                          0.036      0.000 &    0.185 f
  data arrival time                                                    0.185

  clock core_clk (rise edge)                     0.000      0.000      0.000
  clock network delay (ideal)                               0.000      0.000
  clock reconvergence pessimism                             0.000      0.000
  output external delay                                    -0.100     -0.100
  data required time                                                  -0.100
  -----------------------------------------------------------------------------
  data required time                                                  -0.100
  data arrival time                                                   -0.185
  -----------------------------------------------------------------------------
  slack (MET)                                                          0.285


  Startpoint: io_resp_i[54]
               (input port clocked by core_clk)
  Endpoint: io_resp_yumi_o
               (output port clocked by core_clk)
  Path Group: FEEDTHROUGH
  Path Type: min
  Min Data Paths Derating Factor  : 0.990
  Min Clock Paths Derating Factor : 0.990
  Max Clock Paths Derating Factor : 1.010

  Point                                          Trans       Incr       Path
  -----------------------------------------------------------------------------
  clock core_clk (rise edge)                     0.000      0.000      0.000
  clock network delay (ideal)                               0.000      0.000
  input external delay                                      0.100      0.100 f
  io_resp_i[54] (in)                             0.000      0.000 &    0.100 f
  U2020/QN (NAND2X0)                             0.078      0.038 &    0.138 r
  U2021/ZN (INVX0)                               0.052      0.026 &    0.165 f
  U3128/Q (AO22X1)                               0.046      0.090 &    0.254 f
  io_resp_yumi_o (out)                           0.046      0.000 &    0.254 f
  data arrival time                                                    0.254

  clock core_clk (rise edge)                     0.000      0.000      0.000
  clock network delay (ideal)                               0.000      0.000
  clock reconvergence pessimism                             0.000      0.000
  output external delay                                    -0.100     -0.100
  data required time                                                  -0.100
  -----------------------------------------------------------------------------
  data required time                                                  -0.100
  data arrival time                                                   -0.254
  -----------------------------------------------------------------------------
  slack (MET)                                                          0.354


  Startpoint: io_cmd_ready_i
               (input port clocked by core_clk)
  Endpoint: mem_cmd_v_o
               (output port clocked by core_clk)
  Path Group: FEEDTHROUGH
  Path Type: min
  Min Data Paths Derating Factor  : 0.990
  Min Clock Paths Derating Factor : 0.990
  Max Clock Paths Derating Factor : 1.010

  Point                                          Trans       Incr       Path
  -----------------------------------------------------------------------------
  clock core_clk (rise edge)                     0.000      0.000      0.000
  clock network delay (ideal)                               0.000      0.000
  input external delay                                      0.100      0.100 r
  io_cmd_ready_i (in)                            0.000      0.000 &    0.100 r
  U3121/Q (AND3X1)                               0.266      0.170 &    0.270 r
  mem_arbiter/U2/Q (AND2X1)                      0.093      0.113 &    0.383 r
  U1993/QN (NOR2X1)                              0.387      0.201 &    0.584 f
  U3123/QN (NOR2X0)                              0.107      0.067 &    0.651 r
  mem_cmd_v_o (out)                              0.107     -0.021 &    0.630 r
  data arrival time                                                    0.630

  clock core_clk (rise edge)                     0.000      0.000      0.000
  clock network delay (ideal)                               0.000      0.000
  clock reconvergence pessimism                             0.000      0.000
  output external delay                                    -0.100     -0.100
  data required time                                                  -0.100
  -----------------------------------------------------------------------------
  data required time                                                  -0.100
  data arrival time                                                   -0.630
  -----------------------------------------------------------------------------
  slack (MET)                                                          0.730

Report timing status: Processing group FEEDTHROUGH (total endpoints 4)...40% done.

  Startpoint: io_cmd_ready_i
               (input port clocked by core_clk)
  Endpoint: io_cmd_v_o (output port clocked by core_clk)
  Path Group: FEEDTHROUGH
  Path Type: min
  Min Data Paths Derating Factor  : 0.990
  Min Clock Paths Derating Factor : 0.990
  Max Clock Paths Derating Factor : 1.010

  Point                                          Trans       Incr       Path
  -----------------------------------------------------------------------------
  clock core_clk (rise edge)                     0.000      0.000      0.000
  clock network delay (ideal)                               0.000      0.000
  input external delay                                      0.100      0.100 r
  io_cmd_ready_i (in)                            0.000      0.000 &    0.100 r
  U3121/Q (AND3X1)                               0.266      0.170 &    0.270 r
  mem_arbiter/U2/Q (AND2X1)                      0.093      0.113 &    0.383 r
  U1993/QN (NOR2X1)                              0.387      0.201 &    0.584 f
  U1994/ZN (INVX0)                               0.102      0.036 &    0.620 r
  U1995/QN (NAND2X0)                             0.125      0.071 &    0.691 f
  U3122/QN (NOR2X0)                              0.392      0.182 &    0.873 r
  io_cmd_v_o (out)                               0.392     -0.079 &    0.794 r
  data arrival time                                                    0.794

  clock core_clk (rise edge)                     0.000      0.000      0.000
  clock network delay (ideal)                               0.000      0.000
  clock reconvergence pessimism                             0.000      0.000
  output external delay                                    -0.100     -0.100
  data required time                                                  -0.100
  -----------------------------------------------------------------------------
  data required time                                                  -0.100
  data arrival time                                                   -0.794
  -----------------------------------------------------------------------------
  slack (MET)                                                          0.894

Report timing status: Processing group FEEDTHROUGH (total endpoints 4)...100% done.

Report timing status: Completed...
1
